2025-05-07 09:24:43 - AutoPublisherLogger - INFO - Loaded 9209 order-preserved unique tickers from Excel.
2025-05-07 09:24:43 - AutoPublisherLogger - INFO - Attempting to load state from 'e:\ai stock price prediction model\ai prediction 24th apr - proper working\ai-stock-predictions\ai-stock-predictions\auto_publisher_state.pkl'
2025-05-07 09:24:44 - AutoPublisherLogger - INFO - Loaded state: 9209 pending, 0 failed, last writer index 3.
2025-05-07 09:24:44 - AutoPublisherLogger - INFO - Writer iterator will start with: brandonpayne
2025-05-07 09:24:44 - AutoPublisherLogger - INFO - --- Starting Auto Publisher Service ---
2025-05-07 09:24:44 - AutoPublisherLogger - INFO -     State file: e:\ai stock price prediction model\ai prediction 24th apr - proper working\ai-stock-predictions\ai-stock-predictions\auto_publisher_state.pkl
2025-05-07 09:24:44 - AutoPublisherLogger - INFO -     Publishing to: https://moneystockers.com
2025-05-07 09:24:44 - AutoPublisherLogger - INFO -     Writers Configured: 7
2025-05-07 09:24:44 - AutoPublisherLogger - INFO -     Tickers in Master List (Excel): 9209
2025-05-07 09:24:44 - AutoPublisherLogger - INFO -     Tickers Initially Pending: 9209
2025-05-07 09:24:44 - AutoPublisherLogger - INFO -     Tickers Initially in Retry List: 0
2025-05-07 09:24:44 - AutoPublisherLogger - INFO -     Posting Interval: 1-3 minutes
2025-05-07 09:24:44 - AutoPublisherLogger - INFO -     Default Category ID: 14
2025-05-07 09:24:44 - AutoPublisherLogger - INFO - Scheduling the first job...
2025-05-07 09:24:44 - AutoPublisherLogger - INFO - Scheduling next job in 2 minutes.
2025-05-07 09:24:44 - AutoPublisherLogger - INFO - Scheduler started. Waiting for first scheduled run...
2025-05-07 09:26:44 - AutoPublisherLogger - INFO - --- Starting job for Ticker: INTEL, Writer: brandonpayne (Original Idx: 4) ---
2025-05-07 09:26:44 - AutoPublisherLogger - INFO -     (Pending this cycle: 9209, For later retry: 0)
2025-05-07 09:26:44 - AutoPublisherLogger - INFO - Generating report and chart for ticker: INTEL
2025-05-07 09:26:51 - AutoPublisherLogger - ERROR - Failed to generate report HTML (or pipeline error) for INTEL.
2025-05-07 09:26:51 - AutoPublisherLogger - ERROR -     Failed to generate report data for INTEL. Adding to retry list.
2025-05-07 09:26:51 - AutoPublisherLogger - INFO - Attempting to save state: 9208 pending, 1 failed, writer index 4.
2025-05-07 09:26:51 - AutoPublisherLogger - INFO - Successfully saved state to e:\ai stock price prediction model\ai prediction 24th apr - proper working\ai-stock-predictions\ai-stock-predictions\auto_publisher_state.pkl
2025-05-07 09:26:51 - AutoPublisherLogger - INFO - --- Job finished for Ticker: INTEL ---
2025-05-07 09:26:51 - AutoPublisherLogger - INFO - Scheduling next job in 3 minutes.
2025-05-07 09:29:51 - AutoPublisherLogger - INFO - --- Starting job for Ticker: MARA, Writer: haileyneff (Original Idx: 5) ---
2025-05-07 09:29:51 - AutoPublisherLogger - INFO -     (Pending this cycle: 9208, For later retry: 1)
2025-05-07 09:29:51 - AutoPublisherLogger - INFO - Generating report and chart for ticker: MARA
2025-05-07 09:30:03 - AutoPublisherLogger - INFO - Report HTML generated for MARA.
2025-05-07 09:30:03 - AutoPublisherLogger - INFO - Forecast chart file generated: e:\ai stock price prediction model\ai prediction 24th apr - proper working\ai-stock-predictions\ai-stock-predictions\temp_wp_images\MARA_1746590391\MARA_forecast_featured_1746590391.png
2025-05-07 09:30:03 - AutoPublisherLogger - INFO - Uploading feat img 'mara-fc-202505070930.png' for MARA from e:\ai stock price prediction model\ai prediction 24th apr - proper working\ai-stock-predictions\ai-stock-predictions\temp_wp_images\MARA_1746590391\MARA_forecast_featured_1746590391.png
2025-05-07 09:30:06 - AutoPublisherLogger - INFO - Uploaded feat img for MARA, Media ID: 1509
2025-05-07 09:30:06 - AutoPublisherLogger - WARNING - Could not clean temp img e:\ai stock price prediction model\ai prediction 24th apr - proper working\ai-stock-predictions\ai-stock-predictions\temp_wp_images\MARA_1746590391\MARA_forecast_featured_1746590391.png: [WinError 32] The process cannot access the file because it is being used by another process: 'e:\\ai stock price prediction model\\ai prediction 24th apr - proper working\\ai-stock-predictions\\ai-stock-predictions\\temp_wp_images\\MARA_1746590391\\MARA_forecast_featured_1746590391.png'
2025-05-07 09:30:06 - AutoPublisherLogger - INFO - Attempting publish 'MARA Stock Price Forecast & Expert Insights for 2025-26' (Slug: mara-stock-price-forecast-expert-insights-for-2025-26) by haileyneff.
2025-05-07 09:30:08 - AutoPublisherLogger - INFO - Report uploaded for MARA by haileyneff! Post ID: 1510
2025-05-07 09:30:08 - AutoPublisherLogger - INFO -     Posts published today (2025-05-07): 1
2025-05-07 09:30:08 - AutoPublisherLogger - INFO - Attempting to save state: 9207 pending, 1 failed, writer index 5.
2025-05-07 09:30:08 - AutoPublisherLogger - INFO - Successfully saved state to e:\ai stock price prediction model\ai prediction 24th apr - proper working\ai-stock-predictions\ai-stock-predictions\auto_publisher_state.pkl
2025-05-07 09:30:08 - AutoPublisherLogger - INFO - --- Job finished for Ticker: MARA ---
2025-05-07 09:30:08 - AutoPublisherLogger - INFO - Scheduling next job in 2 minutes.
2025-05-07 09:32:08 - AutoPublisherLogger - INFO - --- Starting job for Ticker: BA, Writer: adamdobratz (Original Idx: 6) ---
2025-05-07 09:32:08 - AutoPublisherLogger - INFO -     (Pending this cycle: 9207, For later retry: 1)
2025-05-07 09:32:08 - AutoPublisherLogger - INFO - Generating report and chart for ticker: BA
2025-05-07 09:32:31 - AutoPublisherLogger - INFO - Report HTML generated for BA.
2025-05-07 09:32:31 - AutoPublisherLogger - INFO - Forecast chart file generated: e:\ai stock price prediction model\ai prediction 24th apr - proper working\ai-stock-predictions\ai-stock-predictions\temp_wp_images\BA_1746590528\BA_forecast_featured_1746590528.png
2025-05-07 09:32:31 - AutoPublisherLogger - INFO - Uploading feat img 'ba-fc-202505070932.png' for BA from e:\ai stock price prediction model\ai prediction 24th apr - proper working\ai-stock-predictions\ai-stock-predictions\temp_wp_images\BA_1746590528\BA_forecast_featured_1746590528.png
2025-05-07 09:32:35 - AutoPublisherLogger - INFO - Uploaded feat img for BA, Media ID: 1512
2025-05-07 09:32:35 - AutoPublisherLogger - WARNING - Could not clean temp img e:\ai stock price prediction model\ai prediction 24th apr - proper working\ai-stock-predictions\ai-stock-predictions\temp_wp_images\BA_1746590528\BA_forecast_featured_1746590528.png: [WinError 32] The process cannot access the file because it is being used by another process: 'e:\\ai stock price prediction model\\ai prediction 24th apr - proper working\\ai-stock-predictions\\ai-stock-predictions\\temp_wp_images\\BA_1746590528\\BA_forecast_featured_1746590528.png'
2025-05-07 09:32:35 - AutoPublisherLogger - INFO - Attempting publish 'BA Future Stock Price & Technical Outlook 2025-26' (Slug: ba-future-stock-price-technical-outlook-2025-26) by adamdobratz.
2025-05-07 09:32:36 - AutoPublisherLogger - INFO - Report uploaded for BA by adamdobratz! Post ID: 1513
2025-05-07 09:32:36 - AutoPublisherLogger - INFO -     Posts published today (2025-05-07): 2
2025-05-07 09:32:36 - AutoPublisherLogger - INFO - Attempting to save state: 9206 pending, 1 failed, writer index 6.
2025-05-07 09:32:36 - AutoPublisherLogger - INFO - Successfully saved state to e:\ai stock price prediction model\ai prediction 24th apr - proper working\ai-stock-predictions\ai-stock-predictions\auto_publisher_state.pkl
2025-05-07 09:32:36 - AutoPublisherLogger - INFO - --- Job finished for Ticker: BA ---
2025-05-07 09:32:36 - AutoPublisherLogger - INFO - Scheduling next job in 2 minutes.
2025-05-07 09:34:36 - AutoPublisherLogger - INFO - --- Starting job for Ticker: COIN, Writer: Ava Sterling (Original Idx: 0) ---
2025-05-07 09:34:36 - AutoPublisherLogger - INFO -     (Pending this cycle: 9206, For later retry: 1)
2025-05-07 09:34:36 - AutoPublisherLogger - INFO - Generating report and chart for ticker: COIN
2025-05-07 09:34:48 - AutoPublisherLogger - INFO - Report HTML generated for COIN.
2025-05-07 09:34:48 - AutoPublisherLogger - INFO - Forecast chart file generated: e:\ai stock price prediction model\ai prediction 24th apr - proper working\ai-stock-predictions\ai-stock-predictions\temp_wp_images\COIN_1746590676\COIN_forecast_featured_1746590676.png
2025-05-07 09:34:48 - AutoPublisherLogger - INFO - Uploading feat img 'coin-fc-202505070934.png' for COIN from e:\ai stock price prediction model\ai prediction 24th apr - proper working\ai-stock-predictions\ai-stock-predictions\temp_wp_images\COIN_1746590676\COIN_forecast_featured_1746590676.png
2025-05-07 09:34:52 - AutoPublisherLogger - INFO - Uploaded feat img for COIN, Media ID: 1515
2025-05-07 09:34:52 - AutoPublisherLogger - WARNING - Could not clean temp img e:\ai stock price prediction model\ai prediction 24th apr - proper working\ai-stock-predictions\ai-stock-predictions\temp_wp_images\COIN_1746590676\COIN_forecast_featured_1746590676.png: [WinError 32] The process cannot access the file because it is being used by another process: 'e:\\ai stock price prediction model\\ai prediction 24th apr - proper working\\ai-stock-predictions\\ai-stock-predictions\\temp_wp_images\\COIN_1746590676\\COIN_forecast_featured_1746590676.png'
2025-05-07 09:34:52 - AutoPublisherLogger - INFO - Attempting publish 'Is COIN a Buy? 2025-26 Stock Analysis and Price Forecast' (Slug: is-coin-a-buy-2025-26-stock-analysis-and-price-forecast) by Ava Sterling.
2025-05-07 09:34:57 - AutoPublisherLogger - INFO - Report uploaded for COIN by Ava Sterling! Post ID: 1516
2025-05-07 09:34:57 - AutoPublisherLogger - INFO -     Posts published today (2025-05-07): 3
2025-05-07 09:34:57 - AutoPublisherLogger - INFO - Attempting to save state: 9205 pending, 1 failed, writer index 0.
2025-05-07 09:34:57 - AutoPublisherLogger - INFO - Successfully saved state to e:\ai stock price prediction model\ai prediction 24th apr - proper working\ai-stock-predictions\ai-stock-predictions\auto_publisher_state.pkl
2025-05-07 09:34:57 - AutoPublisherLogger - INFO - --- Job finished for Ticker: COIN ---
2025-05-07 09:34:57 - AutoPublisherLogger - INFO - Scheduling next job in 3 minutes.
2025-05-07 09:37:57 - AutoPublisherLogger - INFO - --- Starting job for Ticker: VOO, Writer: Vishal Jadaun (Original Idx: 1) ---
2025-05-07 09:37:57 - AutoPublisherLogger - INFO -     (Pending this cycle: 9205, For later retry: 1)
2025-05-07 09:37:57 - AutoPublisherLogger - INFO - Generating report and chart for ticker: VOO
2025-05-07 09:38:33 - AutoPublisherLogger - INFO - Report HTML generated for VOO.
2025-05-07 09:38:33 - AutoPublisherLogger - INFO - Forecast chart file generated: e:\ai stock price prediction model\ai prediction 24th apr - proper working\ai-stock-predictions\ai-stock-predictions\temp_wp_images\VOO_1746590877\VOO_forecast_featured_1746590877.png
2025-05-07 09:38:33 - AutoPublisherLogger - INFO - Uploading feat img 'voo-fc-202505070938.png' for VOO from e:\ai stock price prediction model\ai prediction 24th apr - proper working\ai-stock-predictions\ai-stock-predictions\temp_wp_images\VOO_1746590877\VOO_forecast_featured_1746590877.png
2025-05-07 09:38:37 - AutoPublisherLogger - INFO - Uploaded feat img for VOO, Media ID: 1517
2025-05-07 09:38:37 - AutoPublisherLogger - WARNING - Could not clean temp img e:\ai stock price prediction model\ai prediction 24th apr - proper working\ai-stock-predictions\ai-stock-predictions\temp_wp_images\VOO_1746590877\VOO_forecast_featured_1746590877.png: [WinError 32] The process cannot access the file because it is being used by another process: 'e:\\ai stock price prediction model\\ai prediction 24th apr - proper working\\ai-stock-predictions\\ai-stock-predictions\\temp_wp_images\\VOO_1746590877\\VOO_forecast_featured_1746590877.png'
2025-05-07 09:38:37 - AutoPublisherLogger - INFO - Attempting publish 'Is VOO a Buy? 2025-26 Stock Analysis and Price Forecast' (Slug: is-voo-a-buy-2025-26-stock-analysis-and-price-forecast) by Vishal Jadaun.
2025-05-07 09:38:39 - AutoPublisherLogger - INFO - Report uploaded for VOO by Vishal Jadaun! Post ID: 1518
2025-05-07 09:38:39 - AutoPublisherLogger - INFO -     Posts published today (2025-05-07): 4
2025-05-07 09:38:39 - AutoPublisherLogger - INFO - Attempting to save state: 9204 pending, 1 failed, writer index 1.
2025-05-07 09:38:39 - AutoPublisherLogger - INFO - Successfully saved state to e:\ai stock price prediction model\ai prediction 24th apr - proper working\ai-stock-predictions\ai-stock-predictions\auto_publisher_state.pkl
2025-05-07 09:38:39 - AutoPublisherLogger - INFO - --- Job finished for Ticker: VOO ---
2025-05-07 09:38:39 - AutoPublisherLogger - INFO - Scheduling next job in 2 minutes.
2025-05-07 09:40:39 - AutoPublisherLogger - INFO - --- Starting job for Ticker: ADOBE, Writer: Daniel Robinson (Original Idx: 2) ---
2025-05-07 09:40:39 - AutoPublisherLogger - INFO -     (Pending this cycle: 9204, For later retry: 1)
2025-05-07 09:40:39 - AutoPublisherLogger - INFO - Generating report and chart for ticker: ADOBE
2025-05-07 09:41:04 - AutoPublisherLogger - ERROR - Failed to generate report HTML (or pipeline error) for ADOBE.
2025-05-07 09:41:04 - AutoPublisherLogger - ERROR -     Failed to generate report data for ADOBE. Adding to retry list.
2025-05-07 09:41:04 - AutoPublisherLogger - INFO - Attempting to save state: 9203 pending, 2 failed, writer index 2.
2025-05-07 09:41:04 - AutoPublisherLogger - INFO - Successfully saved state to e:\ai stock price prediction model\ai prediction 24th apr - proper working\ai-stock-predictions\ai-stock-predictions\auto_publisher_state.pkl
2025-05-07 09:41:04 - AutoPublisherLogger - INFO - --- Job finished for Ticker: ADOBE ---
2025-05-07 09:41:04 - AutoPublisherLogger - INFO - Scheduling next job in 1 minutes.
2025-05-07 09:42:04 - AutoPublisherLogger - INFO - --- Starting job for Ticker: AVGO, Writer: Princevarshney (Original Idx: 3) ---
2025-05-07 09:42:04 - AutoPublisherLogger - INFO -     (Pending this cycle: 9203, For later retry: 2)
2025-05-07 09:42:04 - AutoPublisherLogger - INFO - Generating report and chart for ticker: AVGO
2025-05-07 09:42:59 - AutoPublisherLogger - INFO - Report HTML generated for AVGO.
2025-05-07 09:42:59 - AutoPublisherLogger - INFO - Forecast chart file generated: e:\ai stock price prediction model\ai prediction 24th apr - proper working\ai-stock-predictions\ai-stock-predictions\temp_wp_images\AVGO_1746591124\AVGO_forecast_featured_1746591124.png
2025-05-07 09:42:59 - AutoPublisherLogger - INFO - Uploading feat img 'avgo-fc-202505070942.png' for AVGO from e:\ai stock price prediction model\ai prediction 24th apr - proper working\ai-stock-predictions\ai-stock-predictions\temp_wp_images\AVGO_1746591124\AVGO_forecast_featured_1746591124.png
2025-05-07 09:43:03 - AutoPublisherLogger - INFO - Uploaded feat img for AVGO, Media ID: 1519
2025-05-07 09:43:03 - AutoPublisherLogger - WARNING - Could not clean temp img e:\ai stock price prediction model\ai prediction 24th apr - proper working\ai-stock-predictions\ai-stock-predictions\temp_wp_images\AVGO_1746591124\AVGO_forecast_featured_1746591124.png: [WinError 32] The process cannot access the file because it is being used by another process: 'e:\\ai stock price prediction model\\ai prediction 24th apr - proper working\\ai-stock-predictions\\ai-stock-predictions\\temp_wp_images\\AVGO_1746591124\\AVGO_forecast_featured_1746591124.png'
2025-05-07 09:43:03 - AutoPublisherLogger - INFO - Attempting publish 'Is AVGO a Buy? 2025-26 Stock Analysis and Price Forecast' (Slug: is-avgo-a-buy-2025-26-stock-analysis-and-price-forecast) by Princevarshney.
2025-05-07 09:43:05 - AutoPublisherLogger - INFO - Report uploaded for AVGO by Princevarshney! Post ID: 1520
2025-05-07 09:43:05 - AutoPublisherLogger - INFO -     Posts published today (2025-05-07): 5
2025-05-07 09:43:05 - AutoPublisherLogger - INFO - Attempting to save state: 9202 pending, 2 failed, writer index 3.
2025-05-07 09:43:05 - AutoPublisherLogger - INFO - Successfully saved state to e:\ai stock price prediction model\ai prediction 24th apr - proper working\ai-stock-predictions\ai-stock-predictions\auto_publisher_state.pkl
2025-05-07 09:43:05 - AutoPublisherLogger - INFO - --- Job finished for Ticker: AVGO ---
2025-05-07 09:43:05 - AutoPublisherLogger - INFO - Scheduling next job in 1 minutes.
2025-05-07 09:44:05 - AutoPublisherLogger - INFO - --- Starting job for Ticker: BABA, Writer: brandonpayne (Original Idx: 4) ---
2025-05-07 09:44:05 - AutoPublisherLogger - INFO -     (Pending this cycle: 9202, For later retry: 2)
2025-05-07 09:44:05 - AutoPublisherLogger - INFO - Generating report and chart for ticker: BABA
2025-05-07 09:45:05 - AutoPublisherLogger - INFO - Report HTML generated for BABA.
2025-05-07 09:45:05 - AutoPublisherLogger - INFO - Forecast chart file generated: e:\ai stock price prediction model\ai prediction 24th apr - proper working\ai-stock-predictions\ai-stock-predictions\temp_wp_images\BABA_1746591245\BABA_forecast_featured_1746591245.png
2025-05-07 09:45:05 - AutoPublisherLogger - INFO - Uploading feat img 'baba-fc-202505070945.png' for BABA from e:\ai stock price prediction model\ai prediction 24th apr - proper working\ai-stock-predictions\ai-stock-predictions\temp_wp_images\BABA_1746591245\BABA_forecast_featured_1746591245.png
2025-05-07 09:45:08 - AutoPublisherLogger - INFO - Uploaded feat img for BABA, Media ID: 1521
2025-05-07 09:45:08 - AutoPublisherLogger - WARNING - Could not clean temp img e:\ai stock price prediction model\ai prediction 24th apr - proper working\ai-stock-predictions\ai-stock-predictions\temp_wp_images\BABA_1746591245\BABA_forecast_featured_1746591245.png: [WinError 32] The process cannot access the file because it is being used by another process: 'e:\\ai stock price prediction model\\ai prediction 24th apr - proper working\\ai-stock-predictions\\ai-stock-predictions\\temp_wp_images\\BABA_1746591245\\BABA_forecast_featured_1746591245.png'
2025-05-07 09:45:08 - AutoPublisherLogger - INFO - Attempting publish 'Is BABA a Buy? 2025-26 Stock Analysis and Price Forecast' (Slug: is-baba-a-buy-2025-26-stock-analysis-and-price-forecast) by brandonpayne.
2025-05-07 09:45:10 - AutoPublisherLogger - INFO - Report uploaded for BABA by brandonpayne! Post ID: 1522
2025-05-07 09:45:10 - AutoPublisherLogger - INFO -     Posts published today (2025-05-07): 6
2025-05-07 09:45:10 - AutoPublisherLogger - INFO - Attempting to save state: 9201 pending, 2 failed, writer index 4.
2025-05-07 09:45:10 - AutoPublisherLogger - INFO - Successfully saved state to e:\ai stock price prediction model\ai prediction 24th apr - proper working\ai-stock-predictions\ai-stock-predictions\auto_publisher_state.pkl
2025-05-07 09:45:10 - AutoPublisherLogger - INFO - --- Job finished for Ticker: BABA ---
2025-05-07 09:45:10 - AutoPublisherLogger - INFO - Scheduling next job in 2 minutes.
2025-05-07 09:50:11 - AutoPublisherLogger - INFO - --- Starting job for Ticker: MSTR, Writer: haileyneff (Original Idx: 5) ---
2025-05-07 09:50:11 - AutoPublisherLogger - INFO -     (Pending this cycle: 9201, For later retry: 2)
2025-05-07 09:50:11 - AutoPublisherLogger - INFO - Generating report and chart for ticker: MSTR
2025-05-07 09:51:15 - AutoPublisherLogger - INFO - Report HTML generated for MSTR.
2025-05-07 09:51:15 - AutoPublisherLogger - INFO - Forecast chart file generated: e:\ai stock price prediction model\ai prediction 24th apr - proper working\ai-stock-predictions\ai-stock-predictions\temp_wp_images\MSTR_1746591611\MSTR_forecast_featured_1746591611.png
2025-05-07 09:51:15 - AutoPublisherLogger - INFO - Uploading feat img 'mstr-fc-202505070951.png' for MSTR from e:\ai stock price prediction model\ai prediction 24th apr - proper working\ai-stock-predictions\ai-stock-predictions\temp_wp_images\MSTR_1746591611\MSTR_forecast_featured_1746591611.png
2025-05-07 09:51:19 - AutoPublisherLogger - INFO - Uploaded feat img for MSTR, Media ID: 1523
2025-05-07 09:51:19 - AutoPublisherLogger - WARNING - Could not clean temp img e:\ai stock price prediction model\ai prediction 24th apr - proper working\ai-stock-predictions\ai-stock-predictions\temp_wp_images\MSTR_1746591611\MSTR_forecast_featured_1746591611.png: [WinError 32] The process cannot access the file because it is being used by another process: 'e:\\ai stock price prediction model\\ai prediction 24th apr - proper working\\ai-stock-predictions\\ai-stock-predictions\\temp_wp_images\\MSTR_1746591611\\MSTR_forecast_featured_1746591611.png'
2025-05-07 09:51:19 - AutoPublisherLogger - INFO - Attempting publish 'The Future of MSTR Stock Price Predictions and Analysis for 2025-26' (Slug: the-future-of-mstr-stock-price-predictions-and-analysis-for) by haileyneff.
2025-05-07 09:51:21 - AutoPublisherLogger - INFO - Report uploaded for MSTR by haileyneff! Post ID: 1524
2025-05-07 09:51:21 - AutoPublisherLogger - INFO -     Posts published today (2025-05-07): 7
2025-05-07 09:51:21 - AutoPublisherLogger - INFO - Attempting to save state: 9200 pending, 2 failed, writer index 5.
2025-05-07 09:51:21 - AutoPublisherLogger - INFO - Successfully saved state to e:\ai stock price prediction model\ai prediction 24th apr - proper working\ai-stock-predictions\ai-stock-predictions\auto_publisher_state.pkl
2025-05-07 09:51:21 - AutoPublisherLogger - INFO - --- Job finished for Ticker: MSTR ---
2025-05-07 09:51:21 - AutoPublisherLogger - INFO - Scheduling next job in 2 minutes.
2025-05-07 09:53:21 - AutoPublisherLogger - INFO - --- Starting job for Ticker: DIS, Writer: adamdobratz (Original Idx: 6) ---
2025-05-07 09:53:21 - AutoPublisherLogger - INFO -     (Pending this cycle: 9200, For later retry: 2)
2025-05-07 09:53:21 - AutoPublisherLogger - INFO - Generating report and chart for ticker: DIS
2025-05-07 09:54:24 - AutoPublisherLogger - INFO - Report HTML generated for DIS.
2025-05-07 09:54:24 - AutoPublisherLogger - INFO - Forecast chart file generated: e:\ai stock price prediction model\ai prediction 24th apr - proper working\ai-stock-predictions\ai-stock-predictions\temp_wp_images\DIS_1746591801\DIS_forecast_featured_1746591801.png
2025-05-07 09:54:24 - AutoPublisherLogger - INFO - Uploading feat img 'dis-fc-202505070954.png' for DIS from e:\ai stock price prediction model\ai prediction 24th apr - proper working\ai-stock-predictions\ai-stock-predictions\temp_wp_images\DIS_1746591801\DIS_forecast_featured_1746591801.png
2025-05-07 09:54:27 - AutoPublisherLogger - INFO - Uploaded feat img for DIS, Media ID: 1525
2025-05-07 09:54:27 - AutoPublisherLogger - WARNING - Could not clean temp img e:\ai stock price prediction model\ai prediction 24th apr - proper working\ai-stock-predictions\ai-stock-predictions\temp_wp_images\DIS_1746591801\DIS_forecast_featured_1746591801.png: [WinError 32] The process cannot access the file because it is being used by another process: 'e:\\ai stock price prediction model\\ai prediction 24th apr - proper working\\ai-stock-predictions\\ai-stock-predictions\\temp_wp_images\\DIS_1746591801\\DIS_forecast_featured_1746591801.png'
2025-05-07 09:54:27 - AutoPublisherLogger - INFO - Attempting publish 'DIS Stock Forecast 2025-26: Expert Analysis and Predictions' (Slug: dis-stock-forecast-2025-26-expert-analysis-and-predictions) by adamdobratz.
2025-05-07 09:54:28 - AutoPublisherLogger - INFO - Report uploaded for DIS by adamdobratz! Post ID: 1526
2025-05-07 09:54:28 - AutoPublisherLogger - INFO -     Posts published today (2025-05-07): 8
2025-05-07 09:54:28 - AutoPublisherLogger - INFO - Attempting to save state: 9199 pending, 2 failed, writer index 6.
2025-05-07 09:54:28 - AutoPublisherLogger - INFO - Successfully saved state to e:\ai stock price prediction model\ai prediction 24th apr - proper working\ai-stock-predictions\ai-stock-predictions\auto_publisher_state.pkl
2025-05-07 09:54:28 - AutoPublisherLogger - INFO - --- Job finished for Ticker: DIS ---
2025-05-07 09:54:28 - AutoPublisherLogger - INFO - Scheduling next job in 2 minutes.
2025-05-07 09:56:28 - AutoPublisherLogger - INFO - --- Starting job for Ticker: FORD, Writer: Ava Sterling (Original Idx: 0) ---
2025-05-07 09:56:28 - AutoPublisherLogger - INFO -     (Pending this cycle: 9199, For later retry: 2)
2025-05-07 09:56:28 - AutoPublisherLogger - INFO - Generating report and chart for ticker: FORD
2025-05-07 09:57:10 - AutoPublisherLogger - INFO - Report HTML generated for FORD.
2025-05-07 09:57:10 - AutoPublisherLogger - INFO - Forecast chart file generated: e:\ai stock price prediction model\ai prediction 24th apr - proper working\ai-stock-predictions\ai-stock-predictions\temp_wp_images\FORD_1746591988\FORD_forecast_featured_1746591988.png
2025-05-07 09:57:10 - AutoPublisherLogger - INFO - Uploading feat img 'ford-fc-202505070957.png' for FORD from e:\ai stock price prediction model\ai prediction 24th apr - proper working\ai-stock-predictions\ai-stock-predictions\temp_wp_images\FORD_1746591988\FORD_forecast_featured_1746591988.png
2025-05-07 09:57:14 - AutoPublisherLogger - INFO - Uploaded feat img for FORD, Media ID: 1527
2025-05-07 09:57:14 - AutoPublisherLogger - WARNING - Could not clean temp img e:\ai stock price prediction model\ai prediction 24th apr - proper working\ai-stock-predictions\ai-stock-predictions\temp_wp_images\FORD_1746591988\FORD_forecast_featured_1746591988.png: [WinError 32] The process cannot access the file because it is being used by another process: 'e:\\ai stock price prediction model\\ai prediction 24th apr - proper working\\ai-stock-predictions\\ai-stock-predictions\\temp_wp_images\\FORD_1746591988\\FORD_forecast_featured_1746591988.png'
2025-05-07 09:57:14 - AutoPublisherLogger - INFO - Attempting publish 'FORD Stock Price Forecast & Expert Insights for 2025-26' (Slug: ford-stock-price-forecast-expert-insights-for-2025-26) by Ava Sterling.
2025-05-07 09:57:16 - AutoPublisherLogger - INFO - Report uploaded for FORD by Ava Sterling! Post ID: 1528
2025-05-07 09:57:16 - AutoPublisherLogger - INFO -     Posts published today (2025-05-07): 9
2025-05-07 09:57:16 - AutoPublisherLogger - INFO - Attempting to save state: 9198 pending, 2 failed, writer index 0.
2025-05-07 09:57:16 - AutoPublisherLogger - INFO - Successfully saved state to e:\ai stock price prediction model\ai prediction 24th apr - proper working\ai-stock-predictions\ai-stock-predictions\auto_publisher_state.pkl
2025-05-07 09:57:16 - AutoPublisherLogger - INFO - --- Job finished for Ticker: FORD ---
2025-05-07 09:57:16 - AutoPublisherLogger - INFO - Scheduling next job in 2 minutes.
2025-05-07 09:59:16 - AutoPublisherLogger - INFO - --- Starting job for Ticker: INTC, Writer: Vishal Jadaun (Original Idx: 1) ---
2025-05-07 09:59:16 - AutoPublisherLogger - INFO -     (Pending this cycle: 9198, For later retry: 2)
2025-05-07 09:59:16 - AutoPublisherLogger - INFO - Generating report and chart for ticker: INTC
2025-05-07 09:59:33 - AutoPublisherLogger - INFO - Report HTML generated for INTC.
2025-05-07 09:59:33 - AutoPublisherLogger - INFO - Forecast chart file generated: e:\ai stock price prediction model\ai prediction 24th apr - proper working\ai-stock-predictions\ai-stock-predictions\temp_wp_images\INTC_1746592156\INTC_forecast_featured_1746592156.png
2025-05-07 09:59:33 - AutoPublisherLogger - INFO - Uploading feat img 'intc-fc-202505070959.png' for INTC from e:\ai stock price prediction model\ai prediction 24th apr - proper working\ai-stock-predictions\ai-stock-predictions\temp_wp_images\INTC_1746592156\INTC_forecast_featured_1746592156.png
2025-05-07 09:59:37 - AutoPublisherLogger - INFO - Uploaded feat img for INTC, Media ID: 1529
2025-05-07 09:59:37 - AutoPublisherLogger - WARNING - Could not clean temp img e:\ai stock price prediction model\ai prediction 24th apr - proper working\ai-stock-predictions\ai-stock-predictions\temp_wp_images\INTC_1746592156\INTC_forecast_featured_1746592156.png: [WinError 32] The process cannot access the file because it is being used by another process: 'e:\\ai stock price prediction model\\ai prediction 24th apr - proper working\\ai-stock-predictions\\ai-stock-predictions\\temp_wp_images\\INTC_1746592156\\INTC_forecast_featured_1746592156.png'
2025-05-07 09:59:37 - AutoPublisherLogger - INFO - Attempting publish 'INTC Stock Prediction, and Price Target (2025-26) - What Experts Say' (Slug: intc-stock-prediction-and-price-target-2025-26-what-experts) by Vishal Jadaun.
2025-05-07 09:59:38 - AutoPublisherLogger - INFO - Report uploaded for INTC by Vishal Jadaun! Post ID: 1530
2025-05-07 09:59:38 - AutoPublisherLogger - INFO -     Posts published today (2025-05-07): 10
2025-05-07 09:59:38 - AutoPublisherLogger - INFO - Attempting to save state: 9197 pending, 2 failed, writer index 1.
2025-05-07 09:59:38 - AutoPublisherLogger - INFO - Successfully saved state to e:\ai stock price prediction model\ai prediction 24th apr - proper working\ai-stock-predictions\ai-stock-predictions\auto_publisher_state.pkl
2025-05-07 09:59:38 - AutoPublisherLogger - INFO - --- Job finished for Ticker: INTC ---
2025-05-07 09:59:38 - AutoPublisherLogger - INFO - Scheduling next job in 2 minutes.
2025-05-07 10:01:38 - AutoPublisherLogger - INFO - --- Starting job for Ticker: SOUN, Writer: Daniel Robinson (Original Idx: 2) ---
2025-05-07 10:01:38 - AutoPublisherLogger - INFO -     (Pending this cycle: 9197, For later retry: 2)
2025-05-07 10:01:38 - AutoPublisherLogger - INFO - Generating report and chart for ticker: SOUN
2025-05-07 10:01:48 - AutoPublisherLogger - INFO - Report HTML generated for SOUN.
2025-05-07 10:01:48 - AutoPublisherLogger - INFO - Forecast chart file generated: e:\ai stock price prediction model\ai prediction 24th apr - proper working\ai-stock-predictions\ai-stock-predictions\temp_wp_images\SOUN_1746592298\SOUN_forecast_featured_1746592298.png
2025-05-07 10:01:48 - AutoPublisherLogger - INFO - Uploading feat img 'soun-fc-202505071001.png' for SOUN from e:\ai stock price prediction model\ai prediction 24th apr - proper working\ai-stock-predictions\ai-stock-predictions\temp_wp_images\SOUN_1746592298\SOUN_forecast_featured_1746592298.png
2025-05-07 10:01:52 - AutoPublisherLogger - INFO - Uploaded feat img for SOUN, Media ID: 1531
2025-05-07 10:01:52 - AutoPublisherLogger - WARNING - Could not clean temp img e:\ai stock price prediction model\ai prediction 24th apr - proper working\ai-stock-predictions\ai-stock-predictions\temp_wp_images\SOUN_1746592298\SOUN_forecast_featured_1746592298.png: [WinError 32] The process cannot access the file because it is being used by another process: 'e:\\ai stock price prediction model\\ai prediction 24th apr - proper working\\ai-stock-predictions\\ai-stock-predictions\\temp_wp_images\\SOUN_1746592298\\SOUN_forecast_featured_1746592298.png'
2025-05-07 10:01:52 - AutoPublisherLogger - INFO - Attempting publish 'The Future of SOUN Stock Price Predictions and Analysis for 2025-26' (Slug: the-future-of-soun-stock-price-predictions-and-analysis-for) by Daniel Robinson.
2025-05-07 10:01:54 - AutoPublisherLogger - INFO - Report uploaded for SOUN by Daniel Robinson! Post ID: 1532
2025-05-07 10:01:54 - AutoPublisherLogger - INFO -     Posts published today (2025-05-07): 11
2025-05-07 10:01:54 - AutoPublisherLogger - INFO - Attempting to save state: 9196 pending, 2 failed, writer index 2.
2025-05-07 10:01:54 - AutoPublisherLogger - INFO - Successfully saved state to e:\ai stock price prediction model\ai prediction 24th apr - proper working\ai-stock-predictions\ai-stock-predictions\auto_publisher_state.pkl
2025-05-07 10:01:54 - AutoPublisherLogger - INFO - --- Job finished for Ticker: SOUN ---
2025-05-07 10:01:54 - AutoPublisherLogger - INFO - Scheduling next job in 1 minutes.
2025-05-07 10:02:54 - AutoPublisherLogger - INFO - --- Starting job for Ticker: TSM, Writer: Princevarshney (Original Idx: 3) ---
2025-05-07 10:02:54 - AutoPublisherLogger - INFO -     (Pending this cycle: 9196, For later retry: 2)
2025-05-07 10:02:54 - AutoPublisherLogger - INFO - Generating report and chart for ticker: TSM
2025-05-07 10:03:09 - AutoPublisherLogger - INFO - Report HTML generated for TSM.
2025-05-07 10:03:09 - AutoPublisherLogger - INFO - Forecast chart file generated: e:\ai stock price prediction model\ai prediction 24th apr - proper working\ai-stock-predictions\ai-stock-predictions\temp_wp_images\TSM_1746592374\TSM_forecast_featured_1746592374.png
2025-05-07 10:03:09 - AutoPublisherLogger - INFO - Uploading feat img 'tsm-fc-202505071003.png' for TSM from e:\ai stock price prediction model\ai prediction 24th apr - proper working\ai-stock-predictions\ai-stock-predictions\temp_wp_images\TSM_1746592374\TSM_forecast_featured_1746592374.png
2025-05-07 10:03:12 - AutoPublisherLogger - INFO - Uploaded feat img for TSM, Media ID: 1533
2025-05-07 10:03:12 - AutoPublisherLogger - WARNING - Could not clean temp img e:\ai stock price prediction model\ai prediction 24th apr - proper working\ai-stock-predictions\ai-stock-predictions\temp_wp_images\TSM_1746592374\TSM_forecast_featured_1746592374.png: [WinError 32] The process cannot access the file because it is being used by another process: 'e:\\ai stock price prediction model\\ai prediction 24th apr - proper working\\ai-stock-predictions\\ai-stock-predictions\\temp_wp_images\\TSM_1746592374\\TSM_forecast_featured_1746592374.png'
2025-05-07 10:03:12 - AutoPublisherLogger - INFO - Attempting publish 'TSM 2025-26 Forecast: Technical Analysis & Price Predictions' (Slug: tsm-2025-26-forecast-technical-analysis-price-predictions) by Princevarshney.
2025-05-07 10:03:13 - AutoPublisherLogger - INFO - Report uploaded for TSM by Princevarshney! Post ID: 1534
2025-05-07 10:03:13 - AutoPublisherLogger - INFO -     Posts published today (2025-05-07): 12
2025-05-07 10:03:13 - AutoPublisherLogger - INFO - Attempting to save state: 9195 pending, 2 failed, writer index 3.
2025-05-07 10:03:13 - AutoPublisherLogger - INFO - Successfully saved state to e:\ai stock price prediction model\ai prediction 24th apr - proper working\ai-stock-predictions\ai-stock-predictions\auto_publisher_state.pkl
2025-05-07 10:03:13 - AutoPublisherLogger - INFO - --- Job finished for Ticker: TSM ---
2025-05-07 10:03:13 - AutoPublisherLogger - INFO - Scheduling next job in 1 minutes.
2025-05-07 10:04:13 - AutoPublisherLogger - INFO - Daily post limit (12) reached for 2025-05-07. Skipping.
2025-05-07 10:04:13 - AutoPublisherLogger - INFO - Scheduling next job in 3 minutes.
